<?xml version="1.0" encoding="UTF-8"?>
<!-- Generated by org.testng.reporters.JUnitReportReporter -->
<testsuite skipped="0" hostname="DESKTOP-EPFPR9J" name="testRunner.TestRunner" tests="1" failures="0" timestamp="2024-12-15T17:15:02 IST" time="56.927" errors="0">
  <testcase name="runScenario" time="56.927" classname="testRunner.TestRunner"/>
  <system-out/>
</testsuite> <!-- testRunner.TestRunner -->
