<?xml version="1.0" encoding="UTF-8"?>
<!-- Generated by org.testng.reporters.JUnitReportReporter -->
<testsuite skipped="0" hostname="WPO1L5CD251DHJ5" name="testRunner.TestRunner" tests="1" failures="0" timestamp="2024-12-15T21:45:02 AEDT" time="21.539" errors="0">
  <testcase name="runScenario" time="21.539" classname="testRunner.TestRunner"/>
  <system-out/>
</testsuite> <!-- testRunner.TestRunner -->
